<?xml version="1.0" encoding="UTF-8"?>
<testsuite name="com.i2i.dao.UserDaoTest" time="0.975" tests="9" errors="5" skipped="0" failures="1">
  <properties>
[...]
</properties>
  <testcase name="testAddUserRole" classname="com.i2i.dao.UserDaoTest" time="0.178">
    <error message="Object of class [com.i2i.model.User] with identifier [-1]: not found" type="org.springframework.orm.ObjectRetrievalFailureException">org.springframework.orm.ObjectRetrievalFailureException: Object of class [com.i2i.model.User] with identifier [-1]: not found
	at com.i2i.dao.hibernate.GenericDaoHibernate.get(GenericDaoHibernate.java:138)
	at sun.reflect.NativeMethodAccessorImpl.invoke0(Native Method)
	at sun.reflect.NativeMethodAccessorImpl.invoke(NativeMethodAccessorImpl.java:62)
	at sun.reflect.DelegatingMethodAccessorImpl.invoke(DelegatingMethodAccessorImpl.java:43)
	at java.lang.reflect.Method.invoke(Method.java:498)
	at org.springframework.aop.support.AopUtils.invokeJoinpointUsingReflection(AopUtils.java:317)
	at org.springframework.aop.framework.ReflectiveMethodInvocation.invokeJoinpoint(ReflectiveMethodInvocation.java:190)
	at org.springframework.aop.framework.ReflectiveMethodInvocation.proceed(ReflectiveMethodInvocation.java:157)
	at org.springframework.dao.support.PersistenceExceptionTranslationInterceptor.invoke(PersistenceExceptionTranslationInterceptor.java:136)
	at org.springframework.aop.framework.ReflectiveMethodInvocation.proceed(ReflectiveMethodInvocation.java:179)
	at org.springframework.aop.framework.JdkDynamicAopProxy.invoke(JdkDynamicAopProxy.java:207)
	at com.sun.proxy.$Proxy63.get(Unknown Source)
	at com.i2i.dao.UserDaoTest.testAddUserRole(UserDaoTest.java:78)
</error>
    <system-out><![CDATA[WARN [main] UserDaoHibernate.get(137) | Uh oh, 'class com.i2i.model.User' object with id '-1' not found...
]]></system-out>
  </testcase>
  <testcase name="testUpdateUser" classname="com.i2i.dao.UserDaoTest" time="0.036">
    <error message="Unexpected exception, expected&lt;org.springframework.dao.DataIntegrityViolationException&gt; but was&lt;org.springframework.orm.ObjectRetrievalFailureException&gt;" type="java.lang.Exception"><![CDATA[java.lang.Exception: Unexpected exception, expected<org.springframework.dao.DataIntegrityViolationException> but was<org.springframework.orm.ObjectRetrievalFailureException>
	at com.i2i.dao.hibernate.GenericDaoHibernate.get(GenericDaoHibernate.java:138)
	at sun.reflect.NativeMethodAccessorImpl.invoke0(Native Method)
	at sun.reflect.NativeMethodAccessorImpl.invoke(NativeMethodAccessorImpl.java:62)
	at sun.reflect.DelegatingMethodAccessorImpl.invoke(DelegatingMethodAccessorImpl.java:43)
	at java.lang.reflect.Method.invoke(Method.java:498)
	at org.springframework.aop.support.AopUtils.invokeJoinpointUsingReflection(AopUtils.java:317)
	at org.springframework.aop.framework.ReflectiveMethodInvocation.invokeJoinpoint(ReflectiveMethodInvocation.java:190)
	at org.springframework.aop.framework.ReflectiveMethodInvocation.proceed(ReflectiveMethodInvocation.java:157)
	at org.springframework.dao.support.PersistenceExceptionTranslationInterceptor.invoke(PersistenceExceptionTranslationInterceptor.java:136)
	at org.springframework.aop.framework.ReflectiveMethodInvocation.proceed(ReflectiveMethodInvocation.java:179)
	at org.springframework.aop.framework.JdkDynamicAopProxy.invoke(JdkDynamicAopProxy.java:207)
	at com.sun.proxy.$Proxy63.get(Unknown Source)
	at com.i2i.dao.UserDaoTest.testUpdateUser(UserDaoTest.java:47)
]]></error>
    <system-out><![CDATA[WARN [main] UserDaoHibernate.get(137) | Uh oh, 'class com.i2i.model.User' object with id '-1' not found...
]]></system-out>
  </testcase>
  <testcase name="testGetUser" classname="com.i2i.dao.UserDaoTest" time="0.017">
    <error message="Object of class [com.i2i.model.User] with identifier [-1]: not found" type="org.springframework.orm.ObjectRetrievalFailureException">org.springframework.orm.ObjectRetrievalFailureException: Object of class [com.i2i.model.User] with identifier [-1]: not found
	at com.i2i.dao.hibernate.GenericDaoHibernate.get(GenericDaoHibernate.java:138)
	at sun.reflect.NativeMethodAccessorImpl.invoke0(Native Method)
	at sun.reflect.NativeMethodAccessorImpl.invoke(NativeMethodAccessorImpl.java:62)
	at sun.reflect.DelegatingMethodAccessorImpl.invoke(DelegatingMethodAccessorImpl.java:43)
	at java.lang.reflect.Method.invoke(Method.java:498)
	at org.springframework.aop.support.AopUtils.invokeJoinpointUsingReflection(AopUtils.java:317)
	at org.springframework.aop.framework.ReflectiveMethodInvocation.invokeJoinpoint(ReflectiveMethodInvocation.java:190)
	at org.springframework.aop.framework.ReflectiveMethodInvocation.proceed(ReflectiveMethodInvocation.java:157)
	at org.springframework.dao.support.PersistenceExceptionTranslationInterceptor.invoke(PersistenceExceptionTranslationInterceptor.java:136)
	at org.springframework.aop.framework.ReflectiveMethodInvocation.proceed(ReflectiveMethodInvocation.java:179)
	at org.springframework.aop.framework.JdkDynamicAopProxy.invoke(JdkDynamicAopProxy.java:207)
	at com.sun.proxy.$Proxy63.get(Unknown Source)
	at com.i2i.dao.UserDaoTest.testGetUser(UserDaoTest.java:30)
</error>
    <system-out><![CDATA[WARN [main] UserDaoHibernate.get(137) | Uh oh, 'class com.i2i.model.User' object with id '-1' not found...
]]></system-out>
  </testcase>
  <testcase name="testGetUserInvalid" classname="com.i2i.dao.UserDaoTest" time="0.014"/>
  <testcase name="testUserNotExists" classname="com.i2i.dao.UserDaoTest" time="0.012"/>
  <testcase name="testUserExists" classname="com.i2i.dao.UserDaoTest" time="0.013">
    <failure type="java.lang.AssertionError:">java.lang.AssertionError: null
	at org.junit.Assert.fail(Assert.java:86)
	at org.junit.Assert.assertTrue(Assert.java:41)
	at org.junit.Assert.assertTrue(Assert.java:52)
	at com.i2i.dao.UserDaoTest.testUserExists(UserDaoTest.java:141)
</failure>
  </testcase>
  <testcase name="testUserSearch" classname="com.i2i.dao.UserDaoTest" time="0.351">
    <error message="Object of class [com.i2i.model.User] with identifier [-2]: not found" type="org.springframework.orm.ObjectRetrievalFailureException">org.springframework.orm.ObjectRetrievalFailureException: Object of class [com.i2i.model.User] with identifier [-2]: not found
	at com.i2i.dao.hibernate.GenericDaoHibernate.get(GenericDaoHibernate.java:138)
	at sun.reflect.NativeMethodAccessorImpl.invoke0(Native Method)
	at sun.reflect.NativeMethodAccessorImpl.invoke(NativeMethodAccessorImpl.java:62)
	at sun.reflect.DelegatingMethodAccessorImpl.invoke(DelegatingMethodAccessorImpl.java:43)
	at java.lang.reflect.Method.invoke(Method.java:498)
	at org.springframework.aop.support.AopUtils.invokeJoinpointUsingReflection(AopUtils.java:317)
	at org.springframework.aop.framework.ReflectiveMethodInvocation.invokeJoinpoint(ReflectiveMethodInvocation.java:190)
	at org.springframework.aop.framework.ReflectiveMethodInvocation.proceed(ReflectiveMethodInvocation.java:157)
	at org.springframework.dao.support.PersistenceExceptionTranslationInterceptor.invoke(PersistenceExceptionTranslationInterceptor.java:136)
	at org.springframework.aop.framework.ReflectiveMethodInvocation.proceed(ReflectiveMethodInvocation.java:179)
	at org.springframework.aop.framework.JdkDynamicAopProxy.invoke(JdkDynamicAopProxy.java:207)
	at com.sun.proxy.$Proxy63.get(Unknown Source)
	at com.i2i.dao.UserDaoTest.testUserSearch(UserDaoTest.java:161)
</error>
    <system-out><![CDATA[WARN [main] UserDaoHibernate.get(137) | Uh oh, 'class com.i2i.model.User' object with id '-2' not found...
]]></system-out>
  </testcase>
  <testcase name="testAddAndRemoveUser" classname="com.i2i.dao.UserDaoTest" time="0.341"/>
  <testcase name="testGetUserPassword" classname="com.i2i.dao.UserDaoTest" time="0.013">
    <error message="Object of class [com.i2i.model.User] with identifier [-1]: not found" type="org.springframework.orm.ObjectRetrievalFailureException">org.springframework.orm.ObjectRetrievalFailureException: Object of class [com.i2i.model.User] with identifier [-1]: not found
	at com.i2i.dao.hibernate.GenericDaoHibernate.get(GenericDaoHibernate.java:138)
	at sun.reflect.NativeMethodAccessorImpl.invoke0(Native Method)
	at sun.reflect.NativeMethodAccessorImpl.invoke(NativeMethodAccessorImpl.java:62)
	at sun.reflect.DelegatingMethodAccessorImpl.invoke(DelegatingMethodAccessorImpl.java:43)
	at java.lang.reflect.Method.invoke(Method.java:498)
	at org.springframework.aop.support.AopUtils.invokeJoinpointUsingReflection(AopUtils.java:317)
	at org.springframework.aop.framework.ReflectiveMethodInvocation.invokeJoinpoint(ReflectiveMethodInvocation.java:190)
	at org.springframework.aop.framework.ReflectiveMethodInvocation.proceed(ReflectiveMethodInvocation.java:157)
	at org.springframework.dao.support.PersistenceExceptionTranslationInterceptor.invoke(PersistenceExceptionTranslationInterceptor.java:136)
	at org.springframework.aop.framework.ReflectiveMethodInvocation.proceed(ReflectiveMethodInvocation.java:179)
	at org.springframework.aop.framework.JdkDynamicAopProxy.invoke(JdkDynamicAopProxy.java:207)
	at com.sun.proxy.$Proxy63.get(Unknown Source)
	at com.i2i.dao.UserDaoTest.testGetUserPassword(UserDaoTest.java:39)
</error>
    <system-out><![CDATA[WARN [main] UserDaoHibernate.get(137) | Uh oh, 'class com.i2i.model.User' object with id '-1' not found...
]]></system-out>
  </testcase>
</testsuite>