<?xml version="1.0" encoding="UTF-8"?>
<testsuite name="com.i2i.webapp.controller.UserFormControllerTest" time="7.862" tests="9" errors="1" skipped="0" failures="2">
  <properties>
[...]
</properties>
  <testcase name="testAdd" classname="com.i2i.webapp.controller.UserFormControllerTest" time="3.99"/>
  <testcase name="testAddWithMissingFields" classname="com.i2i.webapp.controller.UserFormControllerTest" time="0.158"/>
  <testcase name="testAddWithoutPermission" classname="com.i2i.webapp.controller.UserFormControllerTest" time="0.763"/>
  <testcase name="testEdit" classname="com.i2i.webapp.controller.UserFormControllerTest" time="0.807">
    <failure message="Model attribute &apos;user&apos; does not exist" type="java.lang.AssertionError">java.lang.AssertionError: Model attribute 'user' does not exist
	at org.springframework.test.util.AssertionErrors.fail(AssertionErrors.java:39)
	at org.springframework.test.util.AssertionErrors.assertTrue(AssertionErrors.java:72)
	at org.springframework.test.web.servlet.result.ModelResultMatchers$3.match(ModelResultMatchers.java:83)
	at org.springframework.test.web.servlet.MockMvc$1.andExpect(MockMvc.java:152)
	at com.i2i.webapp.controller.UserFormControllerTest.testEdit(UserFormControllerTest.java:108)
</failure>
    <system-out><![CDATA[DEBUG [main] UserFormControllerTest.onSetUp(36) | SMTP Port set to: 7400
DEBUG [main] UserFormControllerTest.testEdit(96) | testing edit...
WARN [main] UserDaoHibernate.get(137) | Uh oh, 'class com.i2i.model.User' object with id '-1' not found...
]]></system-out>
  </testcase>
  <testcase name="testSave" classname="com.i2i.webapp.controller.UserFormControllerTest" time="0.083">
    <error message="Object of class [com.i2i.model.User] with identifier [-1]: not found" type="org.springframework.orm.ObjectRetrievalFailureException">org.springframework.orm.ObjectRetrievalFailureException: Object of class [com.i2i.model.User] with identifier [-1]: not found
	at com.i2i.dao.hibernate.GenericDaoHibernate.get(GenericDaoHibernate.java:138)
	at sun.reflect.NativeMethodAccessorImpl.invoke0(Native Method)
	at sun.reflect.NativeMethodAccessorImpl.invoke(NativeMethodAccessorImpl.java:62)
	at sun.reflect.DelegatingMethodAccessorImpl.invoke(DelegatingMethodAccessorImpl.java:43)
	at java.lang.reflect.Method.invoke(Method.java:498)
	at org.springframework.aop.support.AopUtils.invokeJoinpointUsingReflection(AopUtils.java:317)
	at org.springframework.aop.framework.ReflectiveMethodInvocation.invokeJoinpoint(ReflectiveMethodInvocation.java:190)
	at org.springframework.aop.framework.ReflectiveMethodInvocation.proceed(ReflectiveMethodInvocation.java:157)
	at org.springframework.dao.support.PersistenceExceptionTranslationInterceptor.invoke(PersistenceExceptionTranslationInterceptor.java:136)
	at org.springframework.aop.framework.ReflectiveMethodInvocation.proceed(ReflectiveMethodInvocation.java:179)
	at org.springframework.dao.support.PersistenceExceptionTranslationInterceptor.invoke(PersistenceExceptionTranslationInterceptor.java:136)
	at org.springframework.aop.framework.ReflectiveMethodInvocation.proceed(ReflectiveMethodInvocation.java:179)
	at org.springframework.aop.framework.JdkDynamicAopProxy.invoke(JdkDynamicAopProxy.java:207)
	at com.sun.proxy.$Proxy75.get(Unknown Source)
	at com.i2i.service.impl.UserManagerImpl.getUser(UserManagerImpl.java:97)
	at sun.reflect.NativeMethodAccessorImpl.invoke0(Native Method)
	at sun.reflect.NativeMethodAccessorImpl.invoke(NativeMethodAccessorImpl.java:62)
	at sun.reflect.DelegatingMethodAccessorImpl.invoke(DelegatingMethodAccessorImpl.java:43)
	at java.lang.reflect.Method.invoke(Method.java:498)
	at org.springframework.aop.support.AopUtils.invokeJoinpointUsingReflection(AopUtils.java:317)
	at org.springframework.aop.framework.ReflectiveMethodInvocation.invokeJoinpoint(ReflectiveMethodInvocation.java:190)
	at org.springframework.aop.framework.ReflectiveMethodInvocation.proceed(ReflectiveMethodInvocation.java:157)
	at org.springframework.transaction.interceptor.TransactionInterceptor$1.proceedWithInvocation(TransactionInterceptor.java:99)
	at org.springframework.transaction.interceptor.TransactionAspectSupport.invokeWithinTransaction(TransactionAspectSupport.java:267)
	at org.springframework.transaction.interceptor.TransactionInterceptor.invoke(TransactionInterceptor.java:96)
	at org.springframework.aop.framework.ReflectiveMethodInvocation.proceed(ReflectiveMethodInvocation.java:179)
	at org.springframework.transaction.interceptor.TransactionInterceptor$1.proceedWithInvocation(TransactionInterceptor.java:99)
	at org.springframework.transaction.interceptor.TransactionAspectSupport.invokeWithinTransaction(TransactionAspectSupport.java:267)
	at org.springframework.transaction.interceptor.TransactionInterceptor.invoke(TransactionInterceptor.java:96)
	at org.springframework.aop.framework.ReflectiveMethodInvocation.proceed(ReflectiveMethodInvocation.java:179)
	at org.springframework.aop.interceptor.ExposeInvocationInterceptor.invoke(ExposeInvocationInterceptor.java:92)
	at org.springframework.aop.framework.ReflectiveMethodInvocation.proceed(ReflectiveMethodInvocation.java:179)
	at org.springframework.aop.framework.JdkDynamicAopProxy.invoke(JdkDynamicAopProxy.java:207)
	at com.sun.proxy.$Proxy83.getUser(Unknown Source)
	at com.i2i.webapp.controller.UserFormControllerTest.testSave(UserFormControllerTest.java:150)
</error>
    <system-out><![CDATA[DEBUG [main] UserFormControllerTest.onSetUp(36) | SMTP Port set to: 8004
WARN [main] UserDaoHibernate.get(137) | Uh oh, 'class com.i2i.model.User' object with id '-1' not found...
]]></system-out>
  </testcase>
  <testcase name="testEditWithoutPermission" classname="com.i2i.webapp.controller.UserFormControllerTest" time="0.661"/>
  <testcase name="testEditProfile" classname="com.i2i.webapp.controller.UserFormControllerTest" time="0.659"/>
  <testcase name="testCancel" classname="com.i2i.webapp.controller.UserFormControllerTest" time="0.103"/>
  <testcase name="testRemove" classname="com.i2i.webapp.controller.UserFormControllerTest" time="0.638">
    <failure message="Range for response status value 200 expected:&lt;REDIRECTION&gt; but was:&lt;SUCCESSFUL&gt;" type="java.lang.AssertionError"><![CDATA[java.lang.AssertionError: Range for response status value 200 expected:<REDIRECTION> but was:<SUCCESSFUL>
	at org.springframework.test.util.AssertionErrors.fail(AssertionErrors.java:60)
	at org.springframework.test.util.AssertionErrors.assertEquals(AssertionErrors.java:89)
	at org.springframework.test.web.servlet.result.StatusResultMatchers$5.match(StatusResultMatchers.java:103)
	at org.springframework.test.web.servlet.MockMvc$1.andExpect(MockMvc.java:152)
	at com.i2i.webapp.controller.UserFormControllerTest.testRemove(UserFormControllerTest.java:195)
]]></failure>
    <system-out><![CDATA[DEBUG [main] UserFormControllerTest.onSetUp(36) | SMTP Port set to: 9468
WARN [main] UserDaoHibernate.get(137) | Uh oh, 'class com.i2i.model.User' object with id '-2' not found...
]]></system-out>
  </testcase>
</testsuite>